
eg3
	 1.00 true True True
	 1.05 true False True
	 1.10 false False True
	 1.15 false False True
	 1.20 false False True
	 1.25 false False True
	 1.30 false False True
	 1.35 false False True
	 1.40 false False True
	 1.45 false False True
✅ pass: pre ------------------------------------------------------------
✅ pass: ok ------------------------------------------------------------
	beaca
	ddddb
	adadd
	eadcb
	eacaa
	aeadb
	daebd
	debcb
	bdcad
✅ pass: sample ------------------------------------------------------------
	 10 5.5 3.0276503540974917
✅ pass: num ------------------------------------------------------------
	 10000 10.013809035868826 2.010038683499142
✅ pass: gauss ------------------------------------------------------------
		true True True
		false False False
		false False False
✅ pass: basic ------------------------------------------------------------
 rx1  -*--               |                    {  8.71,   9.45,   9.96,  10.51,  11.32}
 rx7  -*-                |                    {  8.65,   9.50,  10.00,  10.55,  11.19}
 rx6  -*--               |                    {  8.74,   9.44,  10.03,  10.53,  11.32}
 rx10  -*--               |                    {  8.66,   9.52,  10.07,  10.58,  11.33}
 rx2  -*--               |                    {  8.83,   9.56,  10.08,  10.61,  11.40}
 rx3           --*-      |                    { 18.62,  19.40,  19.95,  20.48,  21.27}
 rx4                     |*-                  { 28.75,  29.52,  30.04,  30.55,  31.35}
 rx5                     |*-                  { 28.86,  29.59,  30.16,  30.69,  31.43}
 rx8                     |        -*-         { 38.72,  39.52,  40.00,  40.53,  41.29}
 rx9                     |      ---* ---      { 36.15,  38.33,  40.00,  41.67,  43.74}
✅ pass: tiles ------------------------------------------------------------
 1 rx1   -*-               |                    {  8.68,   9.42,   9.94,  10.49,  11.23}
 1 rx10   -*-               |                    {  8.74,   9.41,   9.98,  10.51,  11.26}
 1 rx6  --*-               |                    {  8.65,   9.43,  10.00,  10.49,  11.21}
 1 rx7   -*-               |                    {  8.74,   9.47,  10.01,  10.54,  11.31}
 1 rx2   -*-               |                    {  8.90,   9.65,  10.20,  10.64,  11.42}
 2 rx3           --*-      |                    { 18.75,  19.45,  20.00,  20.53,  21.26}
 3 rx4                    -|*-                  { 28.64,  29.40,  30.03,  30.56,  31.24}
 3 rx5                     |*-                  { 28.90,  29.63,  30.16,  30.64,  31.44}
 4 rx8                     |       -*--         { 38.73,  39.47,  39.99,  40.50,  41.27}
 4 rx9                     |     ---* ---       { 36.07,  38.57,  40.08,  41.94,  44.06}
✅ pass: sk ------------------------------------------------------------
rx5 1     *-----          |                    {  0.20,   0.20,   0.20,   0.20,   0.30}
rx3 1        *-----       |                    {  0.25,   0.25,   0.25,   0.25,   0.35}
rx1 2                    *|                    {  0.49,   0.49,   0.49,   0.49,   0.51}
rx2 3                     |        *-----      {  0.70,   0.70,   0.70,   0.70,   0.80}
rx4 3                     |        *-----      {  0.70,   0.70,   0.70,   0.70,   0.80}
✅ pass: five ------------------------------------------------------------
rx1 1          *----------|                    { 99.50,  99.50,  99.50,  99.50, 100.00}
rx3 1          *----------|                    { 99.50,  99.50,  99.50,  99.50, 100.00}
rx2 1                    *|                    {100.00, 100.00, 100.00, 100.00, 100.00}
rx4 1                    *|                    {100.00, 100.00, 100.00, 100.00, 100.00}
✅ pass: six ------------------------------------------------------------
